This is XeTeX, Version 3.14159265-2.6-0.99998 (TeX Live 2017) (preloaded format=xelatex 2018.3.30)  1 DEC 2021 12:12
entering extended mode
 restricted \write18 enabled.
 %&-line parsing enabled.
**Diagram8.tex
(./Diagram8.tex
LaTeX2e <2017-04-15>
Babel <3.18> and hyphenation patterns for 11 language(s) loaded.
\@input{content/tkiz-rules-cnn.aux}
! I can't write on file `content/tkiz-rules-cnn.aux'.
\@include ...\immediate \openout \@partaux #1.aux 
                                                  \immediate \write \@partau...
l.1 \include{content/tkiz-rules-cnn}
                                    
(Press Enter to retry, or Control-D to exit; default file extension is `.tex')
Please type another output file name
! Emergency stop.
\@include ...\immediate \openout \@partaux #1.aux 
                                                  \immediate \write \@partau...
l.1 \include{content/tkiz-rules-cnn}
                                    
*** (job aborted, file error in nonstop mode)

 
Here is how much of TeX's memory you used:
 6 strings out of 494892
 68 string characters out of 6174683
 54249 words of memory out of 5000000
 3968 multiletter control sequences out of 15000+600000
 3640 words of font info for 14 fonts, out of 8000000 for 9000
 36 hyphenation exceptions out of 8191
 9i,0n,4p,47b,14s stack positions out of 5000i,500n,10000p,200000b,80000s
No pages of output.
